<?xml version="1.0" encoding="UTF-8"?>
<!-- Generated by org.testng.reporters.JUnitReportReporter -->
<testsuite skipped="0" hostname="fmcurti" name="Tests.Tests" tests="1" failures="0" timestamp="10 Dec 2018 15:38:48 GMT" time="21.376" errors="0">
  <testcase name="buscarZapatos" time="21.376" classname="Tests.Tests"/>
</testsuite> <!-- Tests.Tests -->
